[2025-12-24 22:49:13,252] 22 root  INFO - Initiate the Data Ingestion.
[2025-12-24 22:49:13,253] 35 root  INFO - Exporting data from mongodb
[2025-12-24 22:49:13,381] 37 root  INFO - Connected to Mongodb successfully
[2025-12-24 22:49:18,061] 47 root  INFO - Data exported from Mongodb successfully
[2025-12-24 22:49:18,064] 58 root  INFO - Exporting data into feature store
[2025-12-24 22:49:18,185] 60 root  INFO - Data exported into feature store successfully
[2025-12-24 22:49:18,187] 76 root  INFO - Splitting data into train and test file
[2025-12-24 22:49:18,296] 84 root  INFO - Data split into train and test file successfully
[2025-12-24 22:49:18,297] 24 root  INFO - Data Ingestion completed.
[2025-12-24 22:49:18,317] 30 root  INFO - Initiate the Data Validation.
[2025-12-24 22:49:18,431] 31 root  INFO - Number of columns in data is : 2
[2025-12-24 22:49:18,431] 32 root  INFO - Dataframe has columns : 31
[2025-12-24 22:49:18,431] 31 root  INFO - Number of columns in data is : 2
[2025-12-24 22:49:18,431] 32 root  INFO - Dataframe has columns : 31
[2025-12-24 22:49:18,703] 32 root  INFO - Data Validation completed.
[2025-12-24 22:49:18,704] 38 root  INFO - Initiate the Data Transformation.
[2025-12-24 22:49:18,705] 49 root  INFO - Entered initiate_data_transformation methos of DataTransformation class
[2025-12-24 22:49:18,705] 51 root  INFO - starting data transformation
[2025-12-24 22:49:18,821] 39 root  INFO - Entered get_data_transformer_object method of transformer class.
[2025-12-24 22:49:18,822] 42 root  INFO - initialize KNNImputer with {'missing_values': nan, 'n_neighbors': 3, 'weights': 'uniform'}
[2025-12-24 22:49:18,847] 64 root  INFO - Entering the save_object method of main utils class.
[2025-12-24 22:49:18,853] 69 root  INFO - Exiting the save_object method of main utils class.
[2025-12-24 22:49:18,854] 40 root  INFO - Data Transformation completed.
[2025-12-24 22:49:18,855] 44 root  INFO - Model Training started.
[2025-12-24 22:49:18,855] 38 root  INFO - >>>>>>>>>>>>>>>>>>>>>>>>>>>>>>>>>>>>>>>> Model Trainer <<<<<<<<<<<<<<<<<<<<<<<<<<<<<<<<<<<<<<<<
[2025-12-24 22:49:18,856] 135 root  INFO - Loading transformed training and testing datasets
[2025-12-24 22:49:18,902] 143 root  INFO - Splitting input and target features
[2025-12-24 22:56:19,828] 109 root  INFO - Saving the trained model object
[2025-12-24 22:56:19,829] 75 root  INFO - Entering the load_object method of main utils class.
[2025-12-24 22:56:19,851] 64 root  INFO - Entering the save_object method of main utils class.
[2025-12-24 22:56:19,894] 69 root  INFO - Exiting the save_object method of main utils class.
[2025-12-24 22:56:19,894] 129 root  INFO - Model Trainer Artifact: ModelTrainerArtifact(trained_model_file_path='Artifacts\\12_24_2025_22_49_08\\model_trainer\\trained_model\\model.pkl', train_metric_artifact=ClassificationMetricArtifact(f1_score=0.9915470007129036, precision_score=0.9900345739271914, recall_score=0.993064055487556), test_metric_artifact=ClassificationMetricArtifact(f1_score=0.9707509881422924, precision_score=0.9631372549019608, recall_score=0.9784860557768924))
[2025-12-24 22:56:19,894] 49 root  INFO - Model Training Artifacts created
