[2025-12-25 19:00:28,303] 1025 httpx  INFO - HTTP Request: GET https://dagshub.com/api/v1/user "HTTP/1.1 200 OK"
[2025-12-25 19:00:28,313] 107 dagshub  INFO - Accessing as itz-Mayank
[2025-12-25 19:00:29,405] 1025 httpx  INFO - HTTP Request: GET https://dagshub.com/api/v1/repos/itz-Mayank/ML_Project_2 "HTTP/1.1 200 OK"
[2025-12-25 19:00:30,267] 1025 httpx  INFO - HTTP Request: GET https://dagshub.com/api/v1/user "HTTP/1.1 200 OK"
[2025-12-25 19:00:30,272] 107 dagshub  INFO - Initialized MLflow to track repo "itz-Mayank/ML_Project_2"
[2025-12-25 19:00:30,272] 107 dagshub  INFO - Repository itz-Mayank/ML_Project_2 initialized!
[2025-12-25 19:00:30,366] 22 root  INFO - Initiate the Data Ingestion.
[2025-12-25 19:00:30,367] 35 root  INFO - Exporting data from mongodb
[2025-12-25 19:00:30,467] 37 root  INFO - Connected to Mongodb successfully
[2025-12-25 19:00:36,098] 47 root  INFO - Data exported from Mongodb successfully
[2025-12-25 19:00:36,100] 58 root  INFO - Exporting data into feature store
[2025-12-25 19:00:36,148] 60 root  INFO - Data exported into feature store successfully
[2025-12-25 19:00:36,149] 76 root  INFO - Splitting data into train and test file
[2025-12-25 19:00:36,222] 84 root  INFO - Data split into train and test file successfully
[2025-12-25 19:00:36,223] 24 root  INFO - Data Ingestion completed.
[2025-12-25 19:00:36,235] 30 root  INFO - Initiate the Data Validation.
[2025-12-25 19:00:36,305] 31 root  INFO - Number of columns in data is : 2
[2025-12-25 19:00:36,305] 32 root  INFO - Dataframe has columns : 31
[2025-12-25 19:00:36,305] 31 root  INFO - Number of columns in data is : 2
[2025-12-25 19:00:36,305] 32 root  INFO - Dataframe has columns : 31
[2025-12-25 19:00:36,453] 32 root  INFO - Data Validation completed.
[2025-12-25 19:00:36,454] 38 root  INFO - Initiate the Data Transformation.
[2025-12-25 19:00:36,454] 49 root  INFO - Entered initiate_data_transformation methos of DataTransformation class
[2025-12-25 19:00:36,454] 51 root  INFO - starting data transformation
[2025-12-25 19:00:36,521] 39 root  INFO - Entered get_data_transformer_object method of transformer class.
[2025-12-25 19:00:36,521] 42 root  INFO - initialize KNNImputer with {'missing_values': nan, 'n_neighbors': 3, 'weights': 'uniform'}
[2025-12-25 19:00:36,532] 64 root  INFO - Entering the save_object method of main utils class.
[2025-12-25 19:00:36,535] 69 root  INFO - Exiting the save_object method of main utils class.
[2025-12-25 19:00:36,535] 64 root  INFO - Entering the save_object method of main utils class.
[2025-12-25 19:00:36,539] 69 root  INFO - Exiting the save_object method of main utils class.
[2025-12-25 19:00:36,540] 40 root  INFO - Data Transformation completed.
[2025-12-25 19:00:36,540] 44 root  INFO - Model Training started.
[2025-12-25 19:00:36,540] 41 root  INFO - >>>>>>>>>>>>>>>>>>>>>>>>>>>>>>>>>>>>>>>> Model Trainer <<<<<<<<<<<<<<<<<<<<<<<<<<<<<<<<<<<<<<<<
[2025-12-25 19:00:36,540] 140 root  INFO - Loading transformed training and testing datasets
[2025-12-25 19:00:36,565] 148 root  INFO - Splitting input and target features
[2025-12-25 19:03:33,212] 112 root  INFO - Saving the trained model object
[2025-12-25 19:03:33,212] 75 root  INFO - Entering the load_object method of main utils class.
[2025-12-25 19:03:33,232] 64 root  INFO - Entering the save_object method of main utils class.
[2025-12-25 19:03:33,252] 69 root  INFO - Exiting the save_object method of main utils class.
[2025-12-25 19:03:33,253] 64 root  INFO - Entering the save_object method of main utils class.
[2025-12-25 19:03:33,272] 69 root  INFO - Exiting the save_object method of main utils class.
[2025-12-25 19:03:33,272] 134 root  INFO - Model Trainer Artifact: ModelTrainerArtifact(trained_model_file_path='Artifacts\\12_25_2025_19_00_22\\model_trainer\\trained_model\\model.pkl', train_metric_artifact=ClassificationMetricArtifact(f1_score=0.9915504428382368, precision_score=0.9896362527941476, recall_score=0.9934720522235823), test_metric_artifact=ClassificationMetricArtifact(f1_score=0.9719478467009087, precision_score=0.9639498432601881, recall_score=0.9800796812749004))
[2025-12-25 19:03:33,275] 49 root  INFO - Model Training Artifacts created
