[2025-12-22 22:18:37,188] 20 root  INFO - Initiate the Data Ingestion.
[2025-12-22 22:18:37,189] 35 root  INFO - Exporting data from mongodb
[2025-12-22 22:18:37,484] 37 root  INFO - Connected to Mongodb successfully
[2025-12-22 22:18:43,596] 47 root  INFO - Data exported from Mongodb successfully
[2025-12-22 22:18:43,600] 58 root  INFO - Exporting data into feature store
[2025-12-22 22:18:43,706] 60 root  INFO - Data exported into feature store successfully
[2025-12-22 22:18:43,708] 76 root  INFO - Splitting data into train and test file
[2025-12-22 22:18:43,823] 84 root  INFO - Data split into train and test file successfully
[2025-12-22 22:18:43,825] 22 root  INFO - Data Ingestion completed.
[2025-12-22 22:18:43,886] 28 root  INFO - Initiate the Data Validation.
[2025-12-22 22:18:43,998] 31 root  INFO - Number of columns in data is : 2
[2025-12-22 22:18:43,998] 32 root  INFO - Dataframe has columns : 31
[2025-12-22 22:18:43,998] 31 root  INFO - Number of columns in data is : 2
[2025-12-22 22:18:43,998] 32 root  INFO - Dataframe has columns : 31
[2025-12-22 22:18:44,279] 30 root  INFO - Data Validation completed.
[2025-12-22 22:18:44,280] 36 root  INFO - Initiate the Data Transformation.
[2025-12-22 22:18:44,281] 49 root  INFO - Entered initiate_data_transformation methos of DataTransformation class
[2025-12-22 22:18:44,281] 51 root  INFO - starting data transformation
[2025-12-22 22:18:44,428] 39 root  INFO - Entered get_data_transformer_object method of transformer class.
[2025-12-22 22:18:44,429] 42 root  INFO - initialize KNNImputer with {'missing_values': nan, 'n_neighbors': 3, 'weights': 'uniform'}
