[2025-12-24 22:19:07,499] 22 root  INFO - Initiate the Data Ingestion.
[2025-12-24 22:19:07,500] 35 root  INFO - Exporting data from mongodb
[2025-12-24 22:19:07,786] 37 root  INFO - Connected to Mongodb successfully
[2025-12-24 22:19:11,425] 47 root  INFO - Data exported from Mongodb successfully
[2025-12-24 22:19:11,428] 58 root  INFO - Exporting data into feature store
[2025-12-24 22:19:11,558] 60 root  INFO - Data exported into feature store successfully
[2025-12-24 22:19:11,561] 76 root  INFO - Splitting data into train and test file
[2025-12-24 22:19:11,686] 84 root  INFO - Data split into train and test file successfully
[2025-12-24 22:19:11,688] 24 root  INFO - Data Ingestion completed.
[2025-12-24 22:19:11,706] 30 root  INFO - Initiate the Data Validation.
[2025-12-24 22:19:11,818] 31 root  INFO - Number of columns in data is : 2
[2025-12-24 22:19:11,819] 32 root  INFO - Dataframe has columns : 31
[2025-12-24 22:19:11,819] 31 root  INFO - Number of columns in data is : 2
[2025-12-24 22:19:11,819] 32 root  INFO - Dataframe has columns : 31
[2025-12-24 22:19:12,186] 32 root  INFO - Data Validation completed.
[2025-12-24 22:19:12,187] 38 root  INFO - Initiate the Data Transformation.
[2025-12-24 22:19:12,187] 49 root  INFO - Entered initiate_data_transformation methos of DataTransformation class
[2025-12-24 22:19:12,187] 51 root  INFO - starting data transformation
[2025-12-24 22:19:12,318] 39 root  INFO - Entered get_data_transformer_object method of transformer class.
[2025-12-24 22:19:12,319] 42 root  INFO - initialize KNNImputer with {'missing_values': nan, 'n_neighbors': 3, 'weights': 'uniform'}
[2025-12-24 22:19:12,344] 64 root  INFO - Entering the save_object method of main utils class.
[2025-12-24 22:19:12,352] 69 root  INFO - Exiting the save_object method of main utils class.
[2025-12-24 22:19:12,355] 40 root  INFO - Data Transformation completed.
[2025-12-24 22:19:12,355] 44 root  INFO - Model Training started.
[2025-12-24 22:19:12,355] 38 root  INFO - >>>>>>>>>>>>>>>>>>>>>>>>>>>>>>>>>>>>>>>> Model Trainer <<<<<<<<<<<<<<<<<<<<<<<<<<<<<<<<<<<<<<<<
[2025-12-24 22:19:12,355] 135 root  INFO - Loading transformed training and testing datasets
[2025-12-24 22:19:12,402] 143 root  INFO - Splitting input and target features
