[2025-12-24 21:38:10,128] 22 root  INFO - Initiate the Data Ingestion.
[2025-12-24 21:38:10,128] 35 root  INFO - Exporting data from mongodb
[2025-12-24 21:38:10,773] 37 root  INFO - Connected to Mongodb successfully
[2025-12-24 21:38:14,000] 47 root  INFO - Data exported from Mongodb successfully
[2025-12-24 21:38:14,004] 58 root  INFO - Exporting data into feature store
[2025-12-24 21:38:14,133] 60 root  INFO - Data exported into feature store successfully
[2025-12-24 21:38:14,136] 76 root  INFO - Splitting data into train and test file
[2025-12-24 21:38:14,255] 84 root  INFO - Data split into train and test file successfully
[2025-12-24 21:38:14,257] 24 root  INFO - Data Ingestion completed.
[2025-12-24 21:38:14,275] 30 root  INFO - Initiate the Data Validation.
[2025-12-24 21:38:14,416] 31 root  INFO - Number of columns in data is : 2
[2025-12-24 21:38:14,417] 32 root  INFO - Dataframe has columns : 31
[2025-12-24 21:38:14,417] 31 root  INFO - Number of columns in data is : 2
[2025-12-24 21:38:14,417] 32 root  INFO - Dataframe has columns : 31
[2025-12-24 21:38:14,721] 32 root  INFO - Data Validation completed.
[2025-12-24 21:38:14,722] 38 root  INFO - Initiate the Data Transformation.
[2025-12-24 21:38:14,722] 49 root  INFO - Entered initiate_data_transformation methos of DataTransformation class
[2025-12-24 21:38:14,722] 51 root  INFO - starting data transformation
[2025-12-24 21:38:14,885] 39 root  INFO - Entered get_data_transformer_object method of transformer class.
[2025-12-24 21:38:14,886] 42 root  INFO - initialize KNNImputer with {'missing_values': nan, 'n_neighbors': 3, 'weights': 'uniform'}
[2025-12-24 21:38:14,908] 64 root  INFO - Entering the save_object method of main utils class.
[2025-12-24 21:38:14,915] 69 root  INFO - Exiting the save_object method of main utils class.
[2025-12-24 21:38:14,918] 40 root  INFO - Data Transformation completed.
[2025-12-24 21:38:14,919] 44 root  INFO - Model Training started.
[2025-12-24 21:38:14,919] 37 root  INFO - >>>>>>>>>>>>>>>>>>>>>>>>>>>>>>>>>>>>>>>> Model Trainer <<<<<<<<<<<<<<<<<<<<<<<<<<<<<<<<<<<<<<<<
[2025-12-24 21:38:14,919] 122 root  INFO - Loading transformed training and testing datasets
[2025-12-24 21:38:14,969] 130 root  INFO - Splitting input and target features
[2025-12-24 21:45:14,915] 96 root  INFO - Saving the trained model object
[2025-12-24 21:45:14,916] 75 root  INFO - Entering the load_object method of main utils class.
[2025-12-24 21:45:14,965] 64 root  INFO - Entering the save_object method of main utils class.
[2025-12-24 21:45:15,013] 69 root  INFO - Exiting the save_object method of main utils class.
[2025-12-24 21:45:15,013] 116 root  INFO - Model Trainer Artifact: ModelTrainerArtifact(trained_model_file_path='Artifacts\\12_24_2025_21_38_06\\model_trainer\\trained_model\\model.pkl', train_metric_artifact=ClassificationMetricArtifact(f1_score=0.9915538821613921, precision_score=0.989238578680203, recall_score=0.9938800489596084), test_metric_artifact=ClassificationMetricArtifact(f1_score=0.9715415019762846, precision_score=0.9639215686274509, recall_score=0.9792828685258964))
[2025-12-24 21:45:15,016] 49 root  INFO - Model Training Artifacts created
