[2025-12-24 20:01:57,857] 22 root  INFO - Initiate the Data Ingestion.
[2025-12-24 20:01:57,857] 35 root  INFO - Exporting data from mongodb
[2025-12-24 20:01:58,157] 37 root  INFO - Connected to Mongodb successfully
[2025-12-24 20:02:03,936] 47 root  INFO - Data exported from Mongodb successfully
[2025-12-24 20:02:03,938] 58 root  INFO - Exporting data into feature store
[2025-12-24 20:02:04,061] 60 root  INFO - Data exported into feature store successfully
[2025-12-24 20:02:04,063] 76 root  INFO - Splitting data into train and test file
[2025-12-24 20:02:04,172] 84 root  INFO - Data split into train and test file successfully
[2025-12-24 20:02:04,173] 24 root  INFO - Data Ingestion completed.
[2025-12-24 20:02:04,192] 30 root  INFO - Initiate the Data Validation.
[2025-12-24 20:02:04,307] 31 root  INFO - Number of columns in data is : 2
[2025-12-24 20:02:04,307] 32 root  INFO - Dataframe has columns : 31
[2025-12-24 20:02:04,307] 31 root  INFO - Number of columns in data is : 2
[2025-12-24 20:02:04,307] 32 root  INFO - Dataframe has columns : 31
[2025-12-24 20:02:04,583] 32 root  INFO - Data Validation completed.
[2025-12-24 20:02:04,584] 38 root  INFO - Initiate the Data Transformation.
[2025-12-24 20:02:04,584] 49 root  INFO - Entered initiate_data_transformation methos of DataTransformation class
[2025-12-24 20:02:04,584] 51 root  INFO - starting data transformation
[2025-12-24 20:02:04,685] 39 root  INFO - Entered get_data_transformer_object method of transformer class.
[2025-12-24 20:02:04,685] 42 root  INFO - initialize KNNImputer with {'missing_values': nan, 'n_neighbors': 3, 'weights': 'uniform'}
[2025-12-24 20:02:04,706] 64 root  INFO - Entering the save_object method of main utils class.
[2025-12-24 20:02:04,712] 69 root  INFO - Exiting the save_object method of main utils class.
[2025-12-24 20:02:04,715] 40 root  INFO - Data Transformation completed.
[2025-12-24 20:02:04,715] 44 root  INFO - Model Training started.
[2025-12-24 20:02:04,715] 37 root  INFO - >>>>>>>>>>>>>>>>>>>>>>>>>>>>>>>>>>>>>>>> Model Trainer <<<<<<<<<<<<<<<<<<<<<<<<<<<<<<<<<<<<<<<<
[2025-12-24 20:02:04,716] 119 root  INFO - Loading transformed training and testing datasets
[2025-12-24 20:02:04,759] 127 root  INFO - Splitting input and target features
