[2025-12-22 22:31:54,604] 20 root  INFO - Initiate the Data Ingestion.
[2025-12-22 22:31:54,604] 35 root  INFO - Exporting data from mongodb
[2025-12-22 22:31:54,759] 37 root  INFO - Connected to Mongodb successfully
[2025-12-22 22:31:57,861] 47 root  INFO - Data exported from Mongodb successfully
[2025-12-22 22:31:57,864] 58 root  INFO - Exporting data into feature store
[2025-12-22 22:31:57,968] 60 root  INFO - Data exported into feature store successfully
[2025-12-22 22:31:57,970] 76 root  INFO - Splitting data into train and test file
[2025-12-22 22:31:58,086] 84 root  INFO - Data split into train and test file successfully
[2025-12-22 22:31:58,095] 22 root  INFO - Data Ingestion completed.
[2025-12-22 22:31:58,119] 28 root  INFO - Initiate the Data Validation.
[2025-12-22 22:31:58,236] 31 root  INFO - Number of columns in data is : 2
[2025-12-22 22:31:58,236] 32 root  INFO - Dataframe has columns : 31
[2025-12-22 22:31:58,236] 31 root  INFO - Number of columns in data is : 2
[2025-12-22 22:31:58,236] 32 root  INFO - Dataframe has columns : 31
[2025-12-22 22:31:58,523] 30 root  INFO - Data Validation completed.
[2025-12-22 22:31:58,524] 36 root  INFO - Initiate the Data Transformation.
[2025-12-22 22:31:58,524] 49 root  INFO - Entered initiate_data_transformation methos of DataTransformation class
[2025-12-22 22:31:58,524] 51 root  INFO - starting data transformation
[2025-12-22 22:31:58,638] 39 root  INFO - Entered get_data_transformer_object method of transformer class.
[2025-12-22 22:31:58,638] 42 root  INFO - initialize KNNImputer with {'missing_values': nan, 'n_neighbors': 3, 'weights': 'uniform'}
[2025-12-22 22:31:58,671] 63 root  INFO - Entering the save_object method of main utils class
[2025-12-22 22:31:58,677] 68 root  INFO - Exiting the save_object method of main utils class
