[2025-12-26 18:40:27,724] 1025 httpx  INFO - HTTP Request: GET https://dagshub.com/api/v1/user "HTTP/1.1 200 OK"
[2025-12-26 18:40:27,731] 107 dagshub  INFO - Accessing as itz-Mayank
[2025-12-26 18:40:28,459] 1025 httpx  INFO - HTTP Request: GET https://dagshub.com/api/v1/repos/itz-Mayank/ML_Project_2 "HTTP/1.1 200 OK"
[2025-12-26 18:40:29,286] 1025 httpx  INFO - HTTP Request: GET https://dagshub.com/api/v1/user "HTTP/1.1 200 OK"
[2025-12-26 18:40:29,288] 107 dagshub  INFO - Initialized MLflow to track repo "itz-Mayank/ML_Project_2"
[2025-12-26 18:40:29,289] 107 dagshub  INFO - Repository itz-Mayank/ML_Project_2 initialized!
[2025-12-26 18:41:34,033] 48 root  INFO - Starting data ingestion
[2025-12-26 18:41:34,034] 35 root  INFO - Exporting data from mongodb
[2025-12-26 18:41:34,478] 37 root  INFO - Connected to Mongodb successfully
[2025-12-26 18:41:38,123] 47 root  INFO - Data exported from Mongodb successfully
[2025-12-26 18:41:38,126] 58 root  INFO - Exporting data into feature store
[2025-12-26 18:41:38,220] 60 root  INFO - Data exported into feature store successfully
[2025-12-26 18:41:38,221] 76 root  INFO - Splitting data into train and test file
[2025-12-26 18:41:38,307] 84 root  INFO - Data split into train and test file successfully
[2025-12-26 18:41:38,307] 51 root  INFO - Completed data ingestion
[2025-12-26 18:41:38,309] 59 root  INFO - Starting data validation
[2025-12-26 18:41:38,436] 31 root  INFO - Number of columns in data is : 2
[2025-12-26 18:41:38,436] 32 root  INFO - Dataframe has columns : 31
[2025-12-26 18:41:38,436] 31 root  INFO - Number of columns in data is : 2
[2025-12-26 18:41:38,436] 32 root  INFO - Dataframe has columns : 31
[2025-12-26 18:41:38,618] 63 root  INFO - Completed data validation
[2025-12-26 18:41:38,618] 71 root  INFO - Starting data transformation
[2025-12-26 18:41:38,618] 49 root  INFO - Entered initiate_data_transformation methos of DataTransformation class
[2025-12-26 18:41:38,618] 51 root  INFO - starting data transformation
[2025-12-26 18:41:38,691] 39 root  INFO - Entered get_data_transformer_object method of transformer class.
[2025-12-26 18:41:38,692] 42 root  INFO - initialize KNNImputer with {'missing_values': nan, 'n_neighbors': 3, 'weights': 'uniform'}
[2025-12-26 18:41:38,709] 64 root  INFO - Entering the save_object method of main utils class.
[2025-12-26 18:41:38,711] 69 root  INFO - Exiting the save_object method of main utils class.
[2025-12-26 18:41:38,712] 64 root  INFO - Entering the save_object method of main utils class.
[2025-12-26 18:41:38,715] 69 root  INFO - Exiting the save_object method of main utils class.
[2025-12-26 18:41:38,716] 75 root  INFO - Completed data transformation
[2025-12-26 18:41:38,717] 83 root  INFO - Starting model trainer
[2025-12-26 18:41:38,717] 41 root  INFO - >>>>>>>>>>>>>>>>>>>>>>>>>>>>>>>>>>>>>>>> Model Trainer <<<<<<<<<<<<<<<<<<<<<<<<<<<<<<<<<<<<<<<<
[2025-12-26 18:41:38,717] 140 root  INFO - Loading transformed training and testing datasets
[2025-12-26 18:41:38,747] 148 root  INFO - Splitting input and target features
[2025-12-26 18:45:11,760] 112 root  INFO - Saving the trained model object
[2025-12-26 18:45:11,760] 75 root  INFO - Entering the load_object method of main utils class.
[2025-12-26 18:45:11,783] 64 root  INFO - Entering the save_object method of main utils class.
[2025-12-26 18:45:11,800] 69 root  INFO - Exiting the save_object method of main utils class.
[2025-12-26 18:45:11,800] 64 root  INFO - Entering the save_object method of main utils class.
[2025-12-26 18:45:11,817] 69 root  INFO - Exiting the save_object method of main utils class.
[2025-12-26 18:45:11,818] 134 root  INFO - Model Trainer Artifact: ModelTrainerArtifact(trained_model_file_path='Artifacts\\12_26_2025_18_40_23\\model_trainer\\trained_model\\model.pkl', train_metric_artifact=ClassificationMetricArtifact(f1_score=0.991560752414845, precision_score=0.9884451652138658, recall_score=0.9946960424316605), test_metric_artifact=ClassificationMetricArtifact(f1_score=0.9711804184761152, precision_score=0.9624413145539906, recall_score=0.9800796812749004))
[2025-12-26 18:45:11,820] 87 root  INFO - Completed model trainer
