[2025-12-26 10:54:44,574] 1025 httpx  INFO - HTTP Request: GET https://dagshub.com/api/v1/user "HTTP/1.1 200 OK"
[2025-12-26 10:54:44,584] 107 dagshub  INFO - Accessing as itz-Mayank
[2025-12-26 10:54:45,917] 1025 httpx  INFO - HTTP Request: GET https://dagshub.com/api/v1/repos/itz-Mayank/ML_Project_2 "HTTP/1.1 200 OK"
[2025-12-26 10:54:46,822] 1025 httpx  INFO - HTTP Request: GET https://dagshub.com/api/v1/user "HTTP/1.1 200 OK"
[2025-12-26 10:54:46,829] 107 dagshub  INFO - Initialized MLflow to track repo "itz-Mayank/ML_Project_2"
[2025-12-26 10:54:46,846] 107 dagshub  INFO - Repository itz-Mayank/ML_Project_2 initialized!
[2025-12-26 10:54:58,467] 42 root  INFO - Starting data ingestion
[2025-12-26 10:54:58,469] 35 root  INFO - Exporting data from mongodb
[2025-12-26 10:54:58,630] 37 root  INFO - Connected to Mongodb successfully
[2025-12-26 10:55:01,721] 47 root  INFO - Data exported from Mongodb successfully
[2025-12-26 10:55:01,724] 58 root  INFO - Exporting data into feature store
[2025-12-26 10:55:01,898] 60 root  INFO - Data exported into feature store successfully
[2025-12-26 10:55:01,901] 76 root  INFO - Splitting data into train and test file
[2025-12-26 10:55:02,038] 84 root  INFO - Data split into train and test file successfully
[2025-12-26 10:55:02,038] 45 root  INFO - Completed data ingestion
[2025-12-26 10:55:02,039] 53 root  INFO - Starting data validation
[2025-12-26 10:59:29,528] 42 root  INFO - Starting data ingestion
[2025-12-26 10:59:29,528] 35 root  INFO - Exporting data from mongodb
[2025-12-26 10:59:29,714] 37 root  INFO - Connected to Mongodb successfully
[2025-12-26 10:59:34,267] 47 root  INFO - Data exported from Mongodb successfully
[2025-12-26 10:59:34,269] 58 root  INFO - Exporting data into feature store
[2025-12-26 10:59:34,372] 60 root  INFO - Data exported into feature store successfully
[2025-12-26 10:59:34,374] 76 root  INFO - Splitting data into train and test file
[2025-12-26 10:59:34,483] 84 root  INFO - Data split into train and test file successfully
[2025-12-26 10:59:34,485] 45 root  INFO - Completed data ingestion
[2025-12-26 10:59:34,486] 53 root  INFO - Starting data validation
[2025-12-26 11:01:28,587] 42 root  INFO - Starting data ingestion
[2025-12-26 11:01:28,588] 35 root  INFO - Exporting data from mongodb
[2025-12-26 11:01:28,774] 37 root  INFO - Connected to Mongodb successfully
[2025-12-26 11:01:33,152] 47 root  INFO - Data exported from Mongodb successfully
[2025-12-26 11:01:33,154] 58 root  INFO - Exporting data into feature store
[2025-12-26 11:01:33,284] 60 root  INFO - Data exported into feature store successfully
[2025-12-26 11:01:33,286] 76 root  INFO - Splitting data into train and test file
[2025-12-26 11:01:33,422] 84 root  INFO - Data split into train and test file successfully
[2025-12-26 11:01:33,424] 45 root  INFO - Completed data ingestion
[2025-12-26 11:01:33,424] 53 root  INFO - Starting data validation
[2025-12-26 11:07:12,882] 42 root  INFO - Starting data ingestion
[2025-12-26 11:07:12,883] 35 root  INFO - Exporting data from mongodb
[2025-12-26 11:07:13,043] 37 root  INFO - Connected to Mongodb successfully
[2025-12-26 11:07:16,476] 47 root  INFO - Data exported from Mongodb successfully
[2025-12-26 11:07:16,477] 58 root  INFO - Exporting data into feature store
[2025-12-26 11:07:16,628] 60 root  INFO - Data exported into feature store successfully
[2025-12-26 11:07:16,631] 76 root  INFO - Splitting data into train and test file
[2025-12-26 11:07:16,763] 84 root  INFO - Data split into train and test file successfully
[2025-12-26 11:07:16,764] 45 root  INFO - Completed data ingestion
[2025-12-26 11:07:16,765] 53 root  INFO - Starting data validation
