[2025-12-24 19:59:07,701] 22 root  INFO - Initiate the Data Ingestion.
[2025-12-24 19:59:07,701] 35 root  INFO - Exporting data from mongodb
[2025-12-24 19:59:07,878] 37 root  INFO - Connected to Mongodb successfully
[2025-12-24 19:59:11,625] 47 root  INFO - Data exported from Mongodb successfully
[2025-12-24 19:59:11,627] 58 root  INFO - Exporting data into feature store
[2025-12-24 19:59:11,757] 60 root  INFO - Data exported into feature store successfully
[2025-12-24 19:59:11,759] 76 root  INFO - Splitting data into train and test file
[2025-12-24 19:59:11,876] 84 root  INFO - Data split into train and test file successfully
[2025-12-24 19:59:11,877] 24 root  INFO - Data Ingestion completed.
[2025-12-24 19:59:11,893] 30 root  INFO - Initiate the Data Validation.
[2025-12-24 19:59:12,022] 31 root  INFO - Number of columns in data is : 2
[2025-12-24 19:59:12,022] 32 root  INFO - Dataframe has columns : 31
[2025-12-24 19:59:12,022] 31 root  INFO - Number of columns in data is : 2
[2025-12-24 19:59:12,022] 32 root  INFO - Dataframe has columns : 31
[2025-12-24 19:59:12,278] 32 root  INFO - Data Validation completed.
[2025-12-24 19:59:12,279] 38 root  INFO - Initiate the Data Transformation.
[2025-12-24 19:59:12,279] 49 root  INFO - Entered initiate_data_transformation methos of DataTransformation class
[2025-12-24 19:59:12,279] 51 root  INFO - starting data transformation
[2025-12-24 19:59:12,379] 39 root  INFO - Entered get_data_transformer_object method of transformer class.
[2025-12-24 19:59:12,379] 42 root  INFO - initialize KNNImputer with {'missing_values': nan, 'n_neighbors': 3, 'weights': 'uniform'}
[2025-12-24 19:59:12,404] 64 root  INFO - Entering the save_object method of main utils class.
[2025-12-24 19:59:12,410] 69 root  INFO - Exiting the save_object method of main utils class.
[2025-12-24 19:59:12,412] 40 root  INFO - Data Transformation completed.
[2025-12-24 19:59:12,413] 44 root  INFO - Model Training started.
[2025-12-24 19:59:12,413] 37 root  INFO - >>>>>>>>>>>>>>>>>>>>>>>>>>>>>>>>>>>>>>>> Model Trainer <<<<<<<<<<<<<<<<<<<<<<<<<<<<<<<<<<<<<<<<
[2025-12-24 19:59:12,413] 119 root  INFO - Loading transformed training and testing datasets
[2025-12-24 19:59:12,454] 127 root  INFO - Splitting input and target features
