[2025-12-26 11:44:04,282] 1025 httpx  INFO - HTTP Request: GET https://dagshub.com/api/v1/user "HTTP/1.1 200 OK"
[2025-12-26 11:44:04,289] 107 dagshub  INFO - Accessing as itz-Mayank
[2025-12-26 11:44:05,344] 1025 httpx  INFO - HTTP Request: GET https://dagshub.com/api/v1/repos/itz-Mayank/ML_Project_2 "HTTP/1.1 200 OK"
[2025-12-26 11:44:06,307] 1025 httpx  INFO - HTTP Request: GET https://dagshub.com/api/v1/user "HTTP/1.1 200 OK"
[2025-12-26 11:44:06,309] 107 dagshub  INFO - Initialized MLflow to track repo "itz-Mayank/ML_Project_2"
[2025-12-26 11:44:06,309] 107 dagshub  INFO - Repository itz-Mayank/ML_Project_2 initialized!
[2025-12-26 11:53:57,084] 42 root  INFO - Starting data ingestion
[2025-12-26 11:53:57,085] 35 root  INFO - Exporting data from mongodb
[2025-12-26 11:53:57,415] 37 root  INFO - Connected to Mongodb successfully
[2025-12-26 11:54:00,413] 47 root  INFO - Data exported from Mongodb successfully
[2025-12-26 11:54:00,416] 58 root  INFO - Exporting data into feature store
[2025-12-26 11:54:00,473] 60 root  INFO - Data exported into feature store successfully
[2025-12-26 11:54:00,474] 76 root  INFO - Splitting data into train and test file
[2025-12-26 11:54:00,537] 84 root  INFO - Data split into train and test file successfully
[2025-12-26 11:54:00,537] 45 root  INFO - Completed data ingestion
[2025-12-26 11:54:00,538] 53 root  INFO - Starting data validation
[2025-12-26 11:54:00,604] 31 root  INFO - Number of columns in data is : 2
[2025-12-26 11:54:00,604] 32 root  INFO - Dataframe has columns : 31
[2025-12-26 11:54:00,605] 31 root  INFO - Number of columns in data is : 2
[2025-12-26 11:54:00,605] 32 root  INFO - Dataframe has columns : 31
[2025-12-26 11:54:00,767] 57 root  INFO - Completed data validation
[2025-12-26 11:54:00,768] 65 root  INFO - Starting data transformation
[2025-12-26 11:54:00,768] 49 root  INFO - Entered initiate_data_transformation methos of DataTransformation class
[2025-12-26 11:54:00,768] 51 root  INFO - starting data transformation
[2025-12-26 11:54:00,832] 39 root  INFO - Entered get_data_transformer_object method of transformer class.
[2025-12-26 11:54:00,833] 42 root  INFO - initialize KNNImputer with {'missing_values': nan, 'n_neighbors': 3, 'weights': 'uniform'}
[2025-12-26 11:54:00,851] 64 root  INFO - Entering the save_object method of main utils class.
[2025-12-26 11:54:00,856] 69 root  INFO - Exiting the save_object method of main utils class.
[2025-12-26 11:54:00,856] 64 root  INFO - Entering the save_object method of main utils class.
[2025-12-26 11:54:00,860] 69 root  INFO - Exiting the save_object method of main utils class.
[2025-12-26 11:54:00,861] 69 root  INFO - Completed data transformation
[2025-12-26 11:54:00,861] 77 root  INFO - Starting model trainer
[2025-12-26 11:54:00,861] 41 root  INFO - >>>>>>>>>>>>>>>>>>>>>>>>>>>>>>>>>>>>>>>> Model Trainer <<<<<<<<<<<<<<<<<<<<<<<<<<<<<<<<<<<<<<<<
[2025-12-26 11:54:00,861] 140 root  INFO - Loading transformed training and testing datasets
[2025-12-26 11:54:00,885] 148 root  INFO - Splitting input and target features
[2025-12-26 11:57:03,640] 112 root  INFO - Saving the trained model object
[2025-12-26 11:57:03,640] 75 root  INFO - Entering the load_object method of main utils class.
[2025-12-26 11:57:03,654] 64 root  INFO - Entering the save_object method of main utils class.
[2025-12-26 11:57:03,676] 69 root  INFO - Exiting the save_object method of main utils class.
[2025-12-26 11:57:03,676] 64 root  INFO - Entering the save_object method of main utils class.
[2025-12-26 11:57:03,696] 69 root  INFO - Exiting the save_object method of main utils class.
[2025-12-26 11:57:03,696] 134 root  INFO - Model Trainer Artifact: ModelTrainerArtifact(trained_model_file_path='Artifacts\\12_26_2025_11_44_00\\model_trainer\\trained_model\\model.pkl', train_metric_artifact=ClassificationMetricArtifact(f1_score=0.9915538821613921, precision_score=0.989238578680203, recall_score=0.9938800489596084), test_metric_artifact=ClassificationMetricArtifact(f1_score=0.970367443698143, precision_score=0.9623824451410659, recall_score=0.9784860557768924))
[2025-12-26 11:57:03,698] 81 root  INFO - Completed model trainer
