[2025-12-25 18:18:02,821] 22 root  INFO - Initiate the Data Ingestion.
[2025-12-25 18:18:02,822] 35 root  INFO - Exporting data from mongodb
[2025-12-25 18:18:03,092] 37 root  INFO - Connected to Mongodb successfully
[2025-12-25 18:18:06,271] 47 root  INFO - Data exported from Mongodb successfully
[2025-12-25 18:18:06,273] 58 root  INFO - Exporting data into feature store
[2025-12-25 18:18:06,322] 60 root  INFO - Data exported into feature store successfully
[2025-12-25 18:18:06,324] 76 root  INFO - Splitting data into train and test file
[2025-12-25 18:18:06,379] 84 root  INFO - Data split into train and test file successfully
[2025-12-25 18:18:06,380] 24 root  INFO - Data Ingestion completed.
[2025-12-25 18:18:06,387] 30 root  INFO - Initiate the Data Validation.
[2025-12-25 18:18:06,462] 31 root  INFO - Number of columns in data is : 2
[2025-12-25 18:18:06,462] 32 root  INFO - Dataframe has columns : 31
[2025-12-25 18:18:06,462] 31 root  INFO - Number of columns in data is : 2
[2025-12-25 18:18:06,462] 32 root  INFO - Dataframe has columns : 31
[2025-12-25 18:18:06,593] 32 root  INFO - Data Validation completed.
[2025-12-25 18:18:06,593] 38 root  INFO - Initiate the Data Transformation.
[2025-12-25 18:18:06,593] 49 root  INFO - Entered initiate_data_transformation methos of DataTransformation class
[2025-12-25 18:18:06,593] 51 root  INFO - starting data transformation
[2025-12-25 18:18:06,648] 39 root  INFO - Entered get_data_transformer_object method of transformer class.
[2025-12-25 18:18:06,649] 42 root  INFO - initialize KNNImputer with {'missing_values': nan, 'n_neighbors': 3, 'weights': 'uniform'}
[2025-12-25 18:18:06,663] 64 root  INFO - Entering the save_object method of main utils class.
[2025-12-25 18:18:06,668] 69 root  INFO - Exiting the save_object method of main utils class.
[2025-12-25 18:18:06,669] 40 root  INFO - Data Transformation completed.
[2025-12-25 18:18:06,670] 44 root  INFO - Model Training started.
[2025-12-25 18:18:06,670] 38 root  INFO - >>>>>>>>>>>>>>>>>>>>>>>>>>>>>>>>>>>>>>>> Model Trainer <<<<<<<<<<<<<<<<<<<<<<<<<<<<<<<<<<<<<<<<
[2025-12-25 18:18:06,670] 135 root  INFO - Loading transformed training and testing datasets
[2025-12-25 18:18:06,700] 143 root  INFO - Splitting input and target features
[2025-12-25 18:20:26,176] 109 root  INFO - Saving the trained model object
[2025-12-25 18:20:26,177] 75 root  INFO - Entering the load_object method of main utils class.
[2025-12-25 18:20:26,188] 64 root  INFO - Entering the save_object method of main utils class.
[2025-12-25 18:20:26,232] 69 root  INFO - Exiting the save_object method of main utils class.
[2025-12-25 18:20:26,232] 129 root  INFO - Model Trainer Artifact: ModelTrainerArtifact(trained_model_file_path='Artifacts\\12_25_2025_18_17_54\\model_trainer\\trained_model\\model.pkl', train_metric_artifact=ClassificationMetricArtifact(f1_score=0.9915504428382368, precision_score=0.9896362527941476, recall_score=0.9934720522235823), test_metric_artifact=ClassificationMetricArtifact(f1_score=0.9711576451995259, precision_score=0.963166144200627, recall_score=0.9792828685258964))
[2025-12-25 18:20:26,236] 49 root  INFO - Model Training Artifacts created
