[2025-12-25 18:47:43,433] 1025 httpx  INFO - HTTP Request: POST https://dagshub.com/login/oauth/middleman "HTTP/1.1 200 OK"
[2025-12-25 18:47:44,363] 1025 httpx  INFO - HTTP Request: POST https://dagshub.com/login/oauth/access_token "HTTP/1.1 200 OK"
[2025-12-25 18:47:45,193] 1025 httpx  INFO - HTTP Request: GET https://dagshub.com/api/v1/user "HTTP/1.1 200 OK"
[2025-12-25 18:47:45,199] 107 dagshub  INFO - Accessing as itz-Mayank
[2025-12-25 18:47:46,147] 1025 httpx  INFO - HTTP Request: GET https://dagshub.com/api/v1/repos/itz-Mayank/ML_Project_2 "HTTP/1.1 200 OK"
[2025-12-25 18:47:47,045] 1025 httpx  INFO - HTTP Request: GET https://dagshub.com/api/v1/user "HTTP/1.1 200 OK"
[2025-12-25 18:47:47,054] 107 dagshub  INFO - Initialized MLflow to track repo "itz-Mayank/ML_Project_2"
[2025-12-25 18:47:47,054] 107 dagshub  INFO - Repository itz-Mayank/ML_Project_2 initialized!
[2025-12-25 18:47:47,137] 22 root  INFO - Initiate the Data Ingestion.
[2025-12-25 18:47:47,137] 35 root  INFO - Exporting data from mongodb
[2025-12-25 18:47:47,265] 37 root  INFO - Connected to Mongodb successfully
[2025-12-25 18:47:50,531] 47 root  INFO - Data exported from Mongodb successfully
[2025-12-25 18:47:50,532] 58 root  INFO - Exporting data into feature store
[2025-12-25 18:47:50,582] 60 root  INFO - Data exported into feature store successfully
[2025-12-25 18:47:50,583] 76 root  INFO - Splitting data into train and test file
[2025-12-25 18:47:50,637] 84 root  INFO - Data split into train and test file successfully
[2025-12-25 18:47:50,637] 24 root  INFO - Data Ingestion completed.
[2025-12-25 18:47:50,644] 30 root  INFO - Initiate the Data Validation.
[2025-12-25 18:47:50,702] 31 root  INFO - Number of columns in data is : 2
[2025-12-25 18:47:50,703] 32 root  INFO - Dataframe has columns : 31
[2025-12-25 18:47:50,703] 31 root  INFO - Number of columns in data is : 2
[2025-12-25 18:47:50,703] 32 root  INFO - Dataframe has columns : 31
[2025-12-25 18:47:50,828] 32 root  INFO - Data Validation completed.
[2025-12-25 18:47:50,828] 38 root  INFO - Initiate the Data Transformation.
[2025-12-25 18:47:50,828] 49 root  INFO - Entered initiate_data_transformation methos of DataTransformation class
[2025-12-25 18:47:50,828] 51 root  INFO - starting data transformation
[2025-12-25 18:47:50,879] 39 root  INFO - Entered get_data_transformer_object method of transformer class.
[2025-12-25 18:47:50,880] 42 root  INFO - initialize KNNImputer with {'missing_values': nan, 'n_neighbors': 3, 'weights': 'uniform'}
[2025-12-25 18:47:50,891] 64 root  INFO - Entering the save_object method of main utils class.
[2025-12-25 18:47:50,894] 69 root  INFO - Exiting the save_object method of main utils class.
[2025-12-25 18:47:50,894] 40 root  INFO - Data Transformation completed.
[2025-12-25 18:47:50,894] 44 root  INFO - Model Training started.
[2025-12-25 18:47:50,894] 41 root  INFO - >>>>>>>>>>>>>>>>>>>>>>>>>>>>>>>>>>>>>>>> Model Trainer <<<<<<<<<<<<<<<<<<<<<<<<<<<<<<<<<<<<<<<<
[2025-12-25 18:47:50,896] 138 root  INFO - Loading transformed training and testing datasets
[2025-12-25 18:47:50,916] 146 root  INFO - Splitting input and target features
[2025-12-25 18:50:50,092] 112 root  INFO - Saving the trained model object
[2025-12-25 18:50:50,093] 75 root  INFO - Entering the load_object method of main utils class.
[2025-12-25 18:50:50,107] 64 root  INFO - Entering the save_object method of main utils class.
[2025-12-25 18:50:50,139] 69 root  INFO - Exiting the save_object method of main utils class.
[2025-12-25 18:50:50,139] 132 root  INFO - Model Trainer Artifact: ModelTrainerArtifact(trained_model_file_path='Artifacts\\12_25_2025_18_46_15\\model_trainer\\trained_model\\model.pkl', train_metric_artifact=ClassificationMetricArtifact(f1_score=0.9915504428382368, precision_score=0.9896362527941476, recall_score=0.9934720522235823), test_metric_artifact=ClassificationMetricArtifact(f1_score=0.9719034428175702, precision_score=0.9654088050314465, recall_score=0.9784860557768924))
[2025-12-25 18:50:50,141] 49 root  INFO - Model Training Artifacts created
