[2025-12-26 11:41:28,646] 1025 httpx  INFO - HTTP Request: GET https://dagshub.com/api/v1/user "HTTP/1.1 200 OK"
[2025-12-26 11:41:28,654] 107 dagshub  INFO - Accessing as itz-Mayank
[2025-12-26 11:41:29,687] 1025 httpx  INFO - HTTP Request: GET https://dagshub.com/api/v1/repos/itz-Mayank/ML_Project_2 "HTTP/1.1 200 OK"
[2025-12-26 11:41:30,543] 1025 httpx  INFO - HTTP Request: GET https://dagshub.com/api/v1/user "HTTP/1.1 200 OK"
[2025-12-26 11:41:30,545] 107 dagshub  INFO - Initialized MLflow to track repo "itz-Mayank/ML_Project_2"
[2025-12-26 11:41:30,546] 107 dagshub  INFO - Repository itz-Mayank/ML_Project_2 initialized!
[2025-12-26 11:41:43,679] 42 root  INFO - Starting data ingestion
[2025-12-26 11:41:43,680] 35 root  INFO - Exporting data from mongodb
[2025-12-26 11:41:43,761] 37 root  INFO - Connected to Mongodb successfully
[2025-12-26 11:41:46,609] 47 root  INFO - Data exported from Mongodb successfully
[2025-12-26 11:41:46,611] 58 root  INFO - Exporting data into feature store
[2025-12-26 11:41:46,660] 60 root  INFO - Data exported into feature store successfully
[2025-12-26 11:41:46,662] 76 root  INFO - Splitting data into train and test file
[2025-12-26 11:41:46,716] 84 root  INFO - Data split into train and test file successfully
[2025-12-26 11:41:46,716] 45 root  INFO - Completed data ingestion
[2025-12-26 11:41:46,716] 53 root  INFO - Starting data validation
[2025-12-26 11:41:46,781] 31 root  INFO - Number of columns in data is : 2
[2025-12-26 11:41:46,781] 32 root  INFO - Dataframe has columns : 31
[2025-12-26 11:41:46,781] 31 root  INFO - Number of columns in data is : 2
[2025-12-26 11:41:46,781] 32 root  INFO - Dataframe has columns : 31
[2025-12-26 11:41:46,919] 57 root  INFO - Completed data validation
[2025-12-26 11:41:46,919] 65 root  INFO - Starting data transformation
[2025-12-26 11:41:46,919] 49 root  INFO - Entered initiate_data_transformation methos of DataTransformation class
[2025-12-26 11:41:46,919] 51 root  INFO - starting data transformation
[2025-12-26 11:41:46,978] 39 root  INFO - Entered get_data_transformer_object method of transformer class.
[2025-12-26 11:41:46,978] 42 root  INFO - initialize KNNImputer with {'missing_values': nan, 'n_neighbors': 3, 'weights': 'uniform'}
[2025-12-26 11:41:46,992] 64 root  INFO - Entering the save_object method of main utils class.
[2025-12-26 11:41:46,995] 69 root  INFO - Exiting the save_object method of main utils class.
[2025-12-26 11:41:46,995] 64 root  INFO - Entering the save_object method of main utils class.
[2025-12-26 11:41:46,998] 69 root  INFO - Exiting the save_object method of main utils class.
[2025-12-26 11:41:46,998] 69 root  INFO - Completed data transformation
[2025-12-26 11:41:46,998] 77 root  INFO - Starting model trainer
