[2025-12-24 20:53:47,676] 22 root  INFO - Initiate the Data Ingestion.
[2025-12-24 20:53:47,676] 35 root  INFO - Exporting data from mongodb
[2025-12-24 20:53:47,821] 37 root  INFO - Connected to Mongodb successfully
[2025-12-24 20:53:56,777] 47 root  INFO - Data exported from Mongodb successfully
[2025-12-24 20:53:56,780] 58 root  INFO - Exporting data into feature store
[2025-12-24 20:53:56,889] 60 root  INFO - Data exported into feature store successfully
[2025-12-24 20:53:56,891] 76 root  INFO - Splitting data into train and test file
[2025-12-24 20:53:57,049] 84 root  INFO - Data split into train and test file successfully
[2025-12-24 20:53:57,052] 24 root  INFO - Data Ingestion completed.
[2025-12-24 20:53:57,075] 30 root  INFO - Initiate the Data Validation.
[2025-12-24 20:53:57,240] 31 root  INFO - Number of columns in data is : 2
[2025-12-24 20:53:57,241] 32 root  INFO - Dataframe has columns : 31
[2025-12-24 20:53:57,241] 31 root  INFO - Number of columns in data is : 2
[2025-12-24 20:53:57,241] 32 root  INFO - Dataframe has columns : 31
[2025-12-24 20:53:57,585] 32 root  INFO - Data Validation completed.
[2025-12-24 20:53:57,586] 38 root  INFO - Initiate the Data Transformation.
[2025-12-24 20:53:57,586] 49 root  INFO - Entered initiate_data_transformation methos of DataTransformation class
[2025-12-24 20:53:57,587] 51 root  INFO - starting data transformation
[2025-12-24 20:53:57,710] 39 root  INFO - Entered get_data_transformer_object method of transformer class.
[2025-12-24 20:53:57,710] 42 root  INFO - initialize KNNImputer with {'missing_values': nan, 'n_neighbors': 3, 'weights': 'uniform'}
[2025-12-24 20:53:57,733] 64 root  INFO - Entering the save_object method of main utils class.
[2025-12-24 20:53:57,739] 69 root  INFO - Exiting the save_object method of main utils class.
[2025-12-24 20:53:57,741] 40 root  INFO - Data Transformation completed.
[2025-12-24 20:53:57,742] 44 root  INFO - Model Training started.
[2025-12-24 20:53:57,742] 37 root  INFO - >>>>>>>>>>>>>>>>>>>>>>>>>>>>>>>>>>>>>>>> Model Trainer <<<<<<<<<<<<<<<<<<<<<<<<<<<<<<<<<<<<<<<<
[2025-12-24 20:53:57,742] 122 root  INFO - Loading transformed training and testing datasets
[2025-12-24 20:53:57,790] 130 root  INFO - Splitting input and target features
